  111  git branch
  112  git remote add origin git@github.com:hanamitsu123/linux_practice.git
  113  push -u origin main
  114  push origin main
  115  git push -u origin main
  116  ls -al ~/.ssh
  117  ssh-keygen -t ed25519 -C "041730"
  118  cat /root/server_lesson/041730.pub
  119  rm -f /root/server_lesson/041730 /root/server_lesson/041730.pub
  120  ssh-keygen -t ed25519 -C "docker-key"
  121  cat ~/.ssh/id_ed25519.pub
  122  ls -al ~/.ssh
  123  ssh -T git@github.com
  124  ssh -vT git@github.com
  125  ls -al ~/.ssh
  126  cat ~/.ssh/id_ed25519.pub
  127  rm -f ~/.ssh/id_ed25519 ~/.ssh/id_ed25519.pub
  128  ls -al ~/.ssh
  129  docker run -it --rm   -v ~/.ssh:/root/.ssh   -v $(pwd):/root/server_lesson   <イメージ名> bash
  130  docker ps 
  131  docker ps -a
  132  docker exec -it 82745684e256 bash
  133  docker exec -it 82745684e256 bash
  134  ssh -T git@github.com
  135  git push -u origin main
  136  git branch
  137  git branch
  138  ls
  139  cd .
  140  cd /
  141  ls
  142  cd /root
  143  ls
  144  cd server_lesson/
  145  ls
  146  mkdir linux_practice1
  147  cd linux_practice1/
  148  mkdir public
  149  ls
  150  cd public/
  151  touch index.php
  152  ls
  153  cp index.php index_bk.php
  154  ls
  155  cp -r public tmp
  156  cd ..
  157  ls
  158  cp -r public tmp
  159  ls
  160  ls tmp
  161  ls public
  162  ls
  163  rm -r public
  164  ls
  165  rm -r tmp
  166  ls
  167  mkdir public
  168  cd public/
  169  touch index.php
  170  cd ..
  171  ls
  172  ls public/
  173  git add server_lesson
  174  git add index.php
  175  git add ..
  176  git status
  177  git commit -m "Practice1-1completed"
  178  git status
  179  git push
  180  cd ..
  181  cd ..
  182  ls
  183  cd ..
  184  ls
  185  cd root
  186  ls
  187  ls
  188  cd server_lesson/
  189  ls
  190  rm first.txt 
  191  ls
  192  git add ..
  193  ls
  194  git add .
  195  git commit -m "deleted:first.txt"
  196  git push
  197  ls
  198  cd linux_practice1/
  199  ls
  200  cd public/
  201  ls
  202  cp index.php index_bk.php
  203  ls
  204  cd ../
  205  cd ../
  206  git add public/index_bk.php
  207  git add ..
  208  ls
  209  git status
  210  git add linux_practice1/public/index_bk.php
  211  git commit -m finished:practice1-2""
  212  ls
  213  cd linux_practice1/
  214  ls
  215  cd public/
  216  ls
  217  cd ..
  218  cp -r public tmp
  219  ls
  220  cd tmp
  221  ls
  222  cd server_lesson
  223  cd ..
  224  cd ..
  225  git log
  226  git status
  227  ls
  228  cd linux_practice1/
  229  ls
  230  cd tmp
  231  ls
  232  cd ..
  233  cd ..
  234  git status
  235  git add linux_practice1/tmp/
  236  git commit -m "finishied:practice1-3"
  237  ls
  238  cd linux_practice1/
  239  ls
  240  ls
  241  rm tmp/index.php
  242  cd tmp
  243  ls
  244  git log
  245  ls
  246  git revert b9f185b141b72ba6d6e5c57342174a523eb7896e
  247  ls
  248  ls
  249  cd ..
  250  ls
  251  cd public/
  252  ls
  253  cd ..
  254  ls
  255  cd tmp
  256  cd ..
  257  cd -r public tmp
  258  cp -r public tmp
  259  ls
  260  cd tmp
  261  ls public
  262  cd ..
  263  rm -r tmp
  264  ls
  265  cp -r public tmp
  266  ls
  267  cd tmp
  268  ls
  269  cd ..
  270  ls
  271  cd tmp
  272  ls
  273  rm index_bk.php
  274  cd ..
  275  cd ..
  276  git log
  277  git status
  278  git add linux_practice1/tmp/
  279  git commit -m "finished:practice1-4"
  280  git log
  281  touch README.md
  282  vi README.md 
  283  vi README.md 
  284  cat README.md 
  285  git status
  286  git add README.md
  287  git commit -m "finished:practice1-5"
  288  git status
  289  git log
  290  git push
  291  git log
  292  for i in {1..5};do ;
  293  ls
  294  cd linux_practice1/
  295  cd ..
  296  mkdir linux_practice2
  297  ls
  298  cd linux_practice2
  299  mkdir documents
  300  ls
  301  for i in $(seq -w 1 50); do   touch gizumo${i}.md; done
  302  ls
  303  git status
  304  git status
  305  git stauts
  306  git status
  307  cd ..
  308  git status
  309  git add linux_practice2
  310  git commit -m "finished:practice2-1"
  311  git push
  312  ls
  313  cd linux_practice2
  314  mkdir trash
  315  ls
  316  cd ..
  317  ls
  318  ls
  319  cd linux_practice2
  320  ls
  321  rm gizmo{01..50}.md
  322  rm gizumo{01..50}.md
  323  ls
  324  cd documents/
  325  for i in $(seq -w 1 50); do   touch gizumo${i}.md; done
  326  ls
  327  cd ..
  328  ls
  329  cd documents/
  330  ls
  331  cd ..
  332  ls
  333  cd trash
  334  cd ..
  335  ls
  336  cd documents/
  337  ls
  338  mv gizumo{20..40}.md server_lesson/linux_practice2/trash
  339  ls
  340  cd ..
  341  ls
  342  cdd documents/
  343  cd documents/
  344  ls
  345  cd ..
  346  ls
  347  cd documents/
  348  ls
  349  mv gizumo{20..40}.md ../trash
  350  ls
  351  cd ..
  352  cd ../
  353  cd linux_practice
  354  cd linux_practice2
  355  ls
  356  cd trash
  357  ls
  358  ls
  359  cd ../../
  360  git status
  361  git add linux_practice2/documents/
  362  git add linux_practice2/trash/
  363  git status
  364  git status
  365  git status
  366  git add ..
  367  ls
  368  cd ..
  369  git status
  370  ls
  371  cd server_lesson/
  372  ls
  373  cd linux_practice
  374  cd linux_practice1
  375  ls
  376  git status
  377  git add ..
  378  git status
  379  git commit -m "finished:practice2-2"
  380  git push
  381  cd ../
  382  cd linux_practice2
  383  ls
  384  mkdir .gitignore
  385  ls
  386  ls -a
  387  vi .gitignore/
  388  vi .gitignore
  389  rm -f .gitignore/
  390  rm -r .gitignore/
  391  ls -a
  392  touch .gitignore
  393  ls
  394  ls -a
  395  git status
  396  git add .gitignore 
  397  git commit -m "fix:Practice2-3"
  398  git push
  399  ls
  400  ls -a
  401  vi .gitignore 
  402  vi .gitignore 
  403  git log
  404  git status
  405  git add .gitignore 
  406  git status
  407  git commit -m "finished:Practice2-3"
  408  git commit --amend
  409  git log
  410  history 300 > exec_command.log
